★ Specialist Gloves | Tiger Strike (Field-Tested) | (1673796855)| 21:34:15 | Escamargo | listed this item for sale for $804.55
★ Moto Gloves | Blood Pressure (Field-Tested) | (1673796950)| 21:35:50 | Vladimír aus der Slowakei | listed this item for sale for $332.51
★ Driver Gloves | Crimson Weave (Battle-Scarred) | (1673797198)| 21:39:58 | M8eg4a | listed this item for sale for $206.70
StatTrak™ USP-S | Neo-Noir  (Factory New) | (1673798077)| 21:54:37 | xlBobbY | listed this item for sale for $138.74
